Nested Loop  (cost=10.54..102.86 rows=2 width=12)	
  ->  Hash Join  (cost=10.26..45.36 rows=60 width=47)	
        Hash Cond: ((sen.sensor_type_id)::text = (st.id)::text)	
        ->  Seq Scan on sensor sen  (cost=0.00..30.00 rows=1200 width=55)	
        ->  Hash  (cost=10.25..10.25 rows=1 width=516)	
              ->  Seq Scan on sensor_type st  (cost=0.00..10.25 rows=1 width=516)	
                    Filter: ((name)::text = 'WiFiAP'::text)	
  ->  Index Only Scan using coverage_infrastructure_pkey on coverage_infrastructure ci  (cost=0.28..0.95 rows=1 width=33)	
        Index Cond: ((infrastructure_id = ANY ('{5011,3059}'::text[])) AND (sensor_id = (sen.id)::text))	
